[22-Oct-2025 19:36:01 Europe/Berlin] PHP Fatal error:  Uncaught PDOException: SQLSTATE[42S22]: Column not found: 1054 Unknown column 'relais_nummer' in 'WHERE' in /var/www/html/scheduler.php:44
Stack trace:
#0 /var/www/html/scheduler.php(44): PDOStatement->execute(Array)
#1 /var/www/html/scheduler.php(112): get_relais_status(Object(PDO), 1)
#2 {main}
  thrown in /var/www/html/scheduler.php on line 44
[22-Oct-2025 19:37:01 Europe/Berlin] PHP Fatal error:  Uncaught PDOException: SQLSTATE[42S22]: Column not found: 1054 Unknown column 'relais_nummer' in 'WHERE' in /var/www/html/scheduler.php:44
Stack trace:
#0 /var/www/html/scheduler.php(44): PDOStatement->execute(Array)
#1 /var/www/html/scheduler.php(112): get_relais_status(Object(PDO), 1)
#2 {main}
  thrown in /var/www/html/scheduler.php on line 44
[22-Oct-2025 19:38:01 Europe/Berlin] PHP Fatal error:  Uncaught PDOException: SQLSTATE[42S22]: Column not found: 1054 Unknown column 'status' in 'SELECT' in /var/www/html/scheduler.php:44
Stack trace:
#0 /var/www/html/scheduler.php(44): PDOStatement->execute(Array)
#1 /var/www/html/scheduler.php(112): get_relais_status(Object(PDO), 1)
#2 {main}
  thrown in /var/www/html/scheduler.php on line 44
[22-Oct-2025 19:39:01 Europe/Berlin] PHP Fatal error:  Uncaught PDOException: SQLSTATE[42S22]: Column not found: 1054 Unknown column 'status' in 'SELECT' in /var/www/html/scheduler.php:44
Stack trace:
#0 /var/www/html/scheduler.php(44): PDOStatement->execute(Array)
#1 /var/www/html/scheduler.php(112): get_relais_status(Object(PDO), 1)
#2 {main}
  thrown in /var/www/html/scheduler.php on line 44
[22-Oct-2025 19:40:02 Europe/Berlin] PHP Fatal error:  Uncaught PDOException: SQLSTATE[42S22]: Column not found: 1054 Unknown column 'status' in 'SELECT' in /var/www/html/scheduler.php:44
Stack trace:
#0 /var/www/html/scheduler.php(44): PDOStatement->execute(Array)
#1 /var/www/html/scheduler.php(112): get_relais_status(Object(PDO), 1)
#2 {main}
  thrown in /var/www/html/scheduler.php on line 44
